<?xml version="1.0" encoding="utf-8"?>
<!DOCTYPE html PUBLIC "-//W3C//DTD XHTML 1.0 Strict//EN"
	"http://www.w3.org/TR/xhtml1/DTD/xhtml1-strict.dtd">
<html xmlns="http://www.w3.org/1999/xhtml">
	<head>
		<title>test</title>
		<script src="jquery-2.1.1.js"/>
		<link rel="stylesheet" href="bootstrap-3.1.1-dist/css/bootstrap.css"/>
		<link rel="stylesheet" href="bootstrap-3.1.1-dist/css/bootstrap-theme.css"/>
		<script src="bootstrap-3.1.1-dist/js/bootstrap.js"/>
		<link rel="stylesheet" href="font-awesome-4.1.0/css/font-awesome.css"/>
		<link rel="stylesheet" type="text/css" href="output.css"/>
		<script src="output.js"/>
	</head>
	<body>
		<div class="table-responsive">
			<table class="tasks table table-bordered">
				<thead>
					<tr>
						<th>Type</th>
						<th>Name</th>
						<th>Message</th>
						<th>Warnings</th>
						<th>Errors</th>
						<th>Status</th>
					</tr>
				</thead>
				<tbody>
					<tr class="task-meta status-warning">
						<td>build:cmake</td>
						<td>build:main</td>
						<td>[100%] Built target googletest</td>
						<td>5</td>
						<td>0</td>
						<td>Warning</td>
					</tr>
					<tr class="task-output">
						<td colspan="6">
							<div class="task-output-block">
								<table class="process-header">
									<tr>
										<th>Binary:</th>
										<td>/usr/bin/cmake</td>
									</tr>
									<tr>
										<th>Arguments:</th>
										<td>/home/niklas/dev/oak/dummy/source</td>
									</tr>
									<tr>
										<th>Working Directory:</th>
										<td>/home/niklas/dev/oak/dummy/output/build</td>
									</tr>
								</table>
								<div class="process-output">
									<div class="line line-info">-- The C compiler identification is GNU 4.8.1</div>
									<div class="line line-info">-- The CXX compiler identification is GNU 4.8.1</div>
									<div class="line line-info">-- Check for working C compiler: /usr/bin/cc</div>
									<div class="line line-info">-- Check for working C compiler: /usr/bin/cc -- works</div>
									<div class="line line-info">-- Detecting C compiler ABI info</div>
									<div class="line line-info">-- Detecting C compiler ABI info - done</div>
									<div class="line line-info">-- Check for working CXX compiler: /usr/bin/c++</div>
									<div class="line line-info">-- Check for working CXX compiler: /usr/bin/c++ -- works</div>
									<div class="line line-info">-- Detecting CXX compiler ABI info</div>
									<div class="line line-info">-- Detecting CXX compiler ABI info - done</div>
									<div class="line line-info">-- Configuring done</div>
									<div class="line line-info">-- Generating done</div>
									<div class="line line-info">-- Build files have been written to: /home/niklas/dev/oak/dummy/output/build</div>
									<div class="line line-exitcode ">0</div>
								</div>
							</div>
							<div class="task-output-block">
								<table class="process-header">
									<tr>
										<th>Binary:</th>
										<td>/usr/bin/make</td>
									</tr>
									<tr>
										<th>Arguments:</th>
										<td/>
									</tr>
									<tr>
										<th>Working Directory:</th>
										<td>/home/niklas/dev/oak/dummy/output/build</td>
									</tr>
								</table>
								<div class="process-output">
									<div class="line line-info">Scanning dependencies of target dummy</div>
									<div class="line line-info">[ 50%] Building CXX object CMakeFiles/dummy.dir/dummy.cpp.o</div>
									<div class="line line-error">/home/niklas/dev/oak/dummy/source/dummy.cpp: In function ‘int main(int, const char* const*)’:</div>
									<div class="line line-error">/home/niklas/dev/oak/dummy/source/dummy.cpp:7:10: warning: conversion to ‘int’ from ‘float’ may alter its value [-Wconversion]</div>
									<div class="line line-error">  int y = x;</div>
									<div class="line line-error">          ^</div>
									<div class="line line-error">/home/niklas/dev/oak/dummy/source/dummy.cpp:8:10: warning: conversion to ‘int’ from ‘float’ may alter its value [-Wconversion]</div>
									<div class="line line-error">  int z = x;</div>
									<div class="line line-error">          ^</div>
									<div class="line line-error">/home/niklas/dev/oak/dummy/source/dummy.cpp:8:6: warning: unused variable ‘z’ [-Wunused-variable]</div>
									<div class="line line-error">  int z = x;</div>
									<div class="line line-error">      ^</div>
									<div class="line line-error">/home/niklas/dev/oak/dummy/source/dummy.cpp: At global scope:</div>
									<div class="line line-error">/home/niklas/dev/oak/dummy/source/dummy.cpp:4:5: warning: unused parameter ‘argc’ [-Wunused-parameter]</div>
									<div class="line line-error"> int main(int argc, const char* const* argv)</div>
									<div class="line line-error">     ^</div>
									<div class="line line-error">/home/niklas/dev/oak/dummy/source/dummy.cpp:4:5: warning: unused parameter ‘argv’ [-Wunused-parameter]</div>
									<div class="line line-info">Linking CXX executable dummy</div>
									<div class="line line-info">[ 50%] Built target dummy</div>
									<div class="line line-info">Scanning dependencies of target googletest</div>
									<div class="line line-info">[100%] Building CXX object CMakeFiles/googletest.dir/googletest.cpp.o</div>
									<div class="line line-info">Linking CXX executable googletest</div>
									<div class="line line-info">[100%] Built target googletest</div>
									<div class="line line-exitcode ">0</div>
								</div>
							</div>
						</td>
					</tr>
					<tr class="task-meta status-error">
						<td>test:googletest</td>
						<td>test:unittest</td>
						<td> 1 FAILED TEST</td>
						<td>0</td>
						<td>1</td>
						<td>Error</td>
					</tr>
					<tr class="task-output">
						<td colspan="6">
							<div>
								<table class="table table-bordered table-condensed">
									<thead>
										<tr>
											<th>Name</th>
											<th>Tests</th>
											<th>Failures</th>
											<th>Errors</th>
											<th>Disabled</th>
											<th>Time</th>
											<th>Status</th>
										</tr>
									</thead>
									<tbody>
										<tr class="status-error">
											<td>AllTests</td>
											<td>3</td>
											<td>1</td>
											<td>0</td>
											<td>0</td>
											<td>0</td>
											<td>Error</td>
										</tr>
										<tr class="status-ok">
											<td>SampleTest1</td>
											<td>1</td>
											<td>0</td>
											<td>0</td>
											<td>0</td>
											<td>0</td>
											<td>Ok</td>
										</tr>
										<tr class="status-error">
											<td>SampleTest2</td>
											<td>2</td>
											<td>1</td>
											<td>0</td>
											<td>0</td>
											<td>0</td>
											<td>Error</td>
										</tr>
									</tbody>
								</table>
							</div>
							<div>
								<table class="table table-bordered table-condensed">
									<thead>
										<tr>
											<th>Name</th>
											<th>Status</th>
											<th>Message</th>
											<th>Time</th>
											<th>Status</th>
										</tr>
									</thead>
									<tbody>
										<tr class="status-ok">
											<td>SampleTest1.TestA</td>
											<td>run</td>
											<td/>
											<td>0</td>
											<td>Ok</td>
										</tr>
										<tr class="status-ok">
											<td>SampleTest2.TestA</td>
											<td>run</td>
											<td/>
											<td>0</td>
											<td>Ok</td>
										</tr>
										<tr class="status-error">
											<td>SampleTest2.TestB</td>
											<td>run</td>
											<td>Value of: 10-9
  Actual: 1
Expected: 2</td>
											<td>0</td>
											<td>Error</td>
										</tr>
									</tbody>
								</table>
							</div>
							<div class="task-output-block">
								<table class="process-header">
									<tr>
										<th>Binary:</th>
										<td>/home/niklas/dev/oak/dummy/output/build/googletest</td>
									</tr>
									<tr>
										<th>Arguments:</th>
										<td>--gtest_output=xml:/home/niklas/dev/oak/dummy/output/test/20140520-203412-${source.commit.sid}/googletest.xml</td>
									</tr>
									<tr>
										<th>Working Directory:</th>
										<td>/home/niklas/dev/oak/dummy/output/test/20140520-203412-${source.commit.sid}</td>
									</tr>
								</table>
								<div class="process-output">
									<div class="line line-info">[==========] Running 3 tests from 2 test cases.</div>
									<div class="line line-info">[----------] Global test environment set-up.</div>
									<div class="line line-info">[----------] 1 test from SampleTest1</div>
									<div class="line line-info">[ RUN      ] SampleTest1.TestA</div>
									<div class="line line-ok">[       OK ] SampleTest1.TestA (0 ms)</div>
									<div class="line line-info">[----------] 1 test from SampleTest1 (0 ms total)</div>
									<div class="line line-info"/>
									<div class="line line-info">[----------] 2 tests from SampleTest2</div>
									<div class="line line-info">[ RUN      ] SampleTest2.TestA</div>
									<div class="line line-ok">[       OK ] SampleTest2.TestA (0 ms)</div>
									<div class="line line-info">[ RUN      ] SampleTest2.TestB</div>
									<div class="line line-info">/home/niklas/dev/oak/dummy/source/googletest.cpp:28: Failure</div>
									<div class="line line-info">Value of: 10-9</div>
									<div class="line line-info">  Actual: 1</div>
									<div class="line line-info">Expected: 2</div>
									<div class="line line-error">[  FAILED  ] SampleTest2.TestB (0 ms)</div>
									<div class="line line-info">[----------] 2 tests from SampleTest2 (0 ms total)</div>
									<div class="line line-info"/>
									<div class="line line-info">[----------] Global test environment tear-down</div>
									<div class="line line-info">[==========] 3 tests from 2 test cases ran. (0 ms total)</div>
									<div class="line line-ok">[  PASSED  ] 2 tests.</div>
									<div class="line line-error">[  FAILED  ] 1 test, listed below:</div>
									<div class="line line-error">[  FAILED  ] SampleTest2.TestB</div>
									<div class="line line-info"/>
									<div class="line line-info"> 1 FAILED TEST</div>
									<div class="line line-exitcode line-error">256</div>
								</div>
							</div>
						</td>
					</tr>
					<tr class="task-meta status-error">
						<td>test:cppcheck</td>
						<td>test:analysis:win64</td>
						<td>under construction...</td>
						<td>0</td>
						<td>1</td>
						<td>Error</td>
					</tr>
					<tr class="task-output">
						<td colspan="6">
							<pre>under construction...</pre>
						</td>
					</tr>
					<tr class="task-meta status-error">
						<td>test:cppcheck</td>
						<td>test:analysis:unix64</td>
						<td>under construction...</td>
						<td>0</td>
						<td>1</td>
						<td>Error</td>
					</tr>
					<tr class="task-output">
						<td colspan="6">
							<pre>under construction...</pre>
						</td>
					</tr>
					<tr class="task-meta status-ok">
						<td>doc:doxygen</td>
						<td>doc:long</td>
						<td>finished...</td>
						<td>0</td>
						<td>0</td>
						<td>Ok</td>
					</tr>
					<tr class="task-output">
						<td colspan="6">
							<div class="task-output-block">
								<table class="process-header">
									<tr>
										<th>Binary:</th>
										<td>/usr/bin/doxygen</td>
									</tr>
									<tr>
										<th>Arguments:</th>
										<td>/home/niklas/dev/oak/dummy/output/doc/long/doxyfile</td>
									</tr>
									<tr>
										<th>Working Directory:</th>
										<td>/home/niklas/dev/oak/dummy/output/doc/long</td>
									</tr>
								</table>
								<div class="process-output">
									<div class="line line-info">Searching for include files...</div>
									<div class="line line-info">Searching for example files...</div>
									<div class="line line-info">Searching for images...</div>
									<div class="line line-info">Searching for dot files...</div>
									<div class="line line-info">Searching for msc files...</div>
									<div class="line line-info">Searching for files to exclude</div>
									<div class="line line-info">Searching for files to process...</div>
									<div class="line line-info">Searching for files in directory /home/niklas/dev/oak/dummy/source</div>
									<div class="line line-info">Reading and parsing tag files</div>
									<div class="line line-info">Parsing files</div>
									<div class="line line-info">Preprocessing /home/niklas/dev/oak/dummy/source/dummy.cpp...</div>
									<div class="line line-info">Parsing file /home/niklas/dev/oak/dummy/source/dummy.cpp...</div>
									<div class="line line-info">Preprocessing /home/niklas/dev/oak/dummy/source/dummy2.cpp...</div>
									<div class="line line-info">Parsing file /home/niklas/dev/oak/dummy/source/dummy2.cpp...</div>
									<div class="line line-info">Preprocessing /home/niklas/dev/oak/dummy/source/googletest.cpp...</div>
									<div class="line line-info">Parsing file /home/niklas/dev/oak/dummy/source/googletest.cpp...</div>
									<div class="line line-info">Building group list...</div>
									<div class="line line-info">Building directory list...</div>
									<div class="line line-info">Building namespace list...</div>
									<div class="line line-info">Building file list...</div>
									<div class="line line-info">Building class list...</div>
									<div class="line line-info">Associating documentation with classes...</div>
									<div class="line line-info">Computing nesting relations for classes...</div>
									<div class="line line-info">Building example list...</div>
									<div class="line line-info">Searching for enumerations...</div>
									<div class="line line-info">Searching for documented typedefs...</div>
									<div class="line line-info">Searching for members imported via using declarations...</div>
									<div class="line line-info">Searching for included using directives...</div>
									<div class="line line-info">Searching for documented variables...</div>
									<div class="line line-info">Building interface member list...</div>
									<div class="line line-info">Building member list...</div>
									<div class="line line-info">Searching for friends...</div>
									<div class="line line-info">Searching for documented defines...</div>
									<div class="line line-info">Computing class inheritance relations...</div>
									<div class="line line-info">Computing class usage relations...</div>
									<div class="line line-info">Flushing cached template relations that have become invalid...</div>
									<div class="line line-info">Creating members for template instances...</div>
									<div class="line line-info">Computing class relations...</div>
									<div class="line line-info">Add enum values to enums...</div>
									<div class="line line-info">Searching for member function documentation...</div>
									<div class="line line-info">Building page list...</div>
									<div class="line line-info">Search for main page...</div>
									<div class="line line-info">Computing page relations...</div>
									<div class="line line-info">Determining the scope of groups...</div>
									<div class="line line-info">Sorting lists...</div>
									<div class="line line-info">Freeing entry tree</div>
									<div class="line line-info">Determining which enums are documented</div>
									<div class="line line-info">Computing member relations...</div>
									<div class="line line-info">Building full member lists recursively...</div>
									<div class="line line-info">Adding members to member groups.</div>
									<div class="line line-info">Computing member references...</div>
									<div class="line line-info">Inheriting documentation...</div>
									<div class="line line-info">Generating disk names...</div>
									<div class="line line-info">Adding source references...</div>
									<div class="line line-info">Adding xrefitems...</div>
									<div class="line line-info">Sorting member lists...</div>
									<div class="line line-info">Computing dependencies between directories...</div>
									<div class="line line-info">Generating citations page...</div>
									<div class="line line-info">Counting data structures...</div>
									<div class="line line-info">Resolving user defined references...</div>
									<div class="line line-info">Finding anchors and sections in the documentation...</div>
									<div class="line line-info">Transferring function references...</div>
									<div class="line line-info">Combining using relations...</div>
									<div class="line line-info">Adding members to index pages...</div>
									<div class="line line-info">Generating style sheet...</div>
									<div class="line line-info">Generating search indices...</div>
									<div class="line line-info">Generating example documentation...</div>
									<div class="line line-info">Generating file sources...</div>
									<div class="line line-info">Generating file documentation...</div>
									<div class="line line-info">Generating docs for file /home/niklas/dev/oak/dummy/source/dummy.cpp...</div>
									<div class="line line-info">Generating docs for file /home/niklas/dev/oak/dummy/source/dummy2.cpp...</div>
									<div class="line line-info">Generating docs for file /home/niklas/dev/oak/dummy/source/googletest.cpp...</div>
									<div class="line line-info">Generating page documentation...</div>
									<div class="line line-info">Generating group documentation...</div>
									<div class="line line-info">Generating class documentation...</div>
									<div class="line line-info">Generating namespace index...</div>
									<div class="line line-info">Generating graph info page...</div>
									<div class="line line-info">Generating directory documentation...</div>
									<div class="line line-info">Generating index page...</div>
									<div class="line line-info">Generating page index...</div>
									<div class="line line-info">Generating module index...</div>
									<div class="line line-info">Generating namespace index...</div>
									<div class="line line-info">Generating namespace member index...</div>
									<div class="line line-info">Generating annotated compound index...</div>
									<div class="line line-info">Generating alphabetical compound index...</div>
									<div class="line line-info">Generating hierarchical class index...</div>
									<div class="line line-info">Generating member index...</div>
									<div class="line line-info">Generating file index...</div>
									<div class="line line-info">Generating file member index...</div>
									<div class="line line-info">Generating example index...</div>
									<div class="line line-info">finalizing index lists...</div>
									<div class="line line-info">lookup cache used 2/65536 hits=5 misses=2</div>
									<div class="line line-info">finished...</div>
									<div class="line line-exitcode ">0</div>
								</div>
							</div>
						</td>
					</tr>
					<tr class="task-meta status-ok">
						<td>doc:doxygen</td>
						<td>doc:short</td>
						<td>finished...</td>
						<td>0</td>
						<td>0</td>
						<td>Ok</td>
					</tr>
					<tr class="task-output">
						<td colspan="6">
							<div class="task-output-block">
								<table class="process-header">
									<tr>
										<th>Binary:</th>
										<td>/usr/bin/doxygen</td>
									</tr>
									<tr>
										<th>Arguments:</th>
										<td>/home/niklas/dev/oak/dummy/output/doc/short/doxyfile</td>
									</tr>
									<tr>
										<th>Working Directory:</th>
										<td>/home/niklas/dev/oak/dummy/output/doc/short</td>
									</tr>
								</table>
								<div class="process-output">
									<div class="line line-info">Searching for include files...</div>
									<div class="line line-info">Searching for example files...</div>
									<div class="line line-info">Searching for images...</div>
									<div class="line line-info">Searching for dot files...</div>
									<div class="line line-info">Searching for msc files...</div>
									<div class="line line-info">Searching for files to exclude</div>
									<div class="line line-info">Searching for files to process...</div>
									<div class="line line-info">Searching for files in directory /home/niklas/dev/oak/dummy/source</div>
									<div class="line line-info">Reading and parsing tag files</div>
									<div class="line line-info">Parsing files</div>
									<div class="line line-info">Building group list...</div>
									<div class="line line-info">Building directory list...</div>
									<div class="line line-info">Building namespace list...</div>
									<div class="line line-info">Building file list...</div>
									<div class="line line-info">Building class list...</div>
									<div class="line line-info">Associating documentation with classes...</div>
									<div class="line line-info">Computing nesting relations for classes...</div>
									<div class="line line-info">Building example list...</div>
									<div class="line line-info">Searching for enumerations...</div>
									<div class="line line-info">Searching for documented typedefs...</div>
									<div class="line line-info">Searching for members imported via using declarations...</div>
									<div class="line line-info">Searching for included using directives...</div>
									<div class="line line-info">Searching for documented variables...</div>
									<div class="line line-info">Building interface member list...</div>
									<div class="line line-info">Building member list...</div>
									<div class="line line-info">Searching for friends...</div>
									<div class="line line-info">Searching for documented defines...</div>
									<div class="line line-info">Computing class inheritance relations...</div>
									<div class="line line-info">Computing class usage relations...</div>
									<div class="line line-info">Flushing cached template relations that have become invalid...</div>
									<div class="line line-info">Creating members for template instances...</div>
									<div class="line line-info">Computing class relations...</div>
									<div class="line line-info">Add enum values to enums...</div>
									<div class="line line-info">Searching for member function documentation...</div>
									<div class="line line-info">Building page list...</div>
									<div class="line line-info">Search for main page...</div>
									<div class="line line-info">Computing page relations...</div>
									<div class="line line-info">Determining the scope of groups...</div>
									<div class="line line-info">Sorting lists...</div>
									<div class="line line-info">Freeing entry tree</div>
									<div class="line line-info">Determining which enums are documented</div>
									<div class="line line-info">Computing member relations...</div>
									<div class="line line-info">Building full member lists recursively...</div>
									<div class="line line-info">Adding members to member groups.</div>
									<div class="line line-info">Computing member references...</div>
									<div class="line line-info">Inheriting documentation...</div>
									<div class="line line-info">Generating disk names...</div>
									<div class="line line-info">Adding source references...</div>
									<div class="line line-info">Adding xrefitems...</div>
									<div class="line line-info">Sorting member lists...</div>
									<div class="line line-info">Computing dependencies between directories...</div>
									<div class="line line-info">Generating citations page...</div>
									<div class="line line-info">Counting data structures...</div>
									<div class="line line-info">Resolving user defined references...</div>
									<div class="line line-info">Finding anchors and sections in the documentation...</div>
									<div class="line line-info">Transferring function references...</div>
									<div class="line line-info">Combining using relations...</div>
									<div class="line line-info">Adding members to index pages...</div>
									<div class="line line-info">Generating style sheet...</div>
									<div class="line line-info">Generating search indices...</div>
									<div class="line line-info">Generating example documentation...</div>
									<div class="line line-info">Generating file sources...</div>
									<div class="line line-info">Generating file documentation...</div>
									<div class="line line-info">Generating page documentation...</div>
									<div class="line line-info">Generating group documentation...</div>
									<div class="line line-info">Generating class documentation...</div>
									<div class="line line-info">Generating namespace index...</div>
									<div class="line line-info">Generating graph info page...</div>
									<div class="line line-info">Generating directory documentation...</div>
									<div class="line line-info">Generating index page...</div>
									<div class="line line-info">Generating page index...</div>
									<div class="line line-info">Generating module index...</div>
									<div class="line line-info">Generating namespace index...</div>
									<div class="line line-info">Generating namespace member index...</div>
									<div class="line line-info">Generating annotated compound index...</div>
									<div class="line line-info">Generating alphabetical compound index...</div>
									<div class="line line-info">Generating hierarchical class index...</div>
									<div class="line line-info">Generating member index...</div>
									<div class="line line-info">Generating file index...</div>
									<div class="line line-info">Generating file member index...</div>
									<div class="line line-info">Generating example index...</div>
									<div class="line line-info">finalizing index lists...</div>
									<div class="line line-info">lookup cache used 0/65536 hits=0 misses=0</div>
									<div class="line line-info">finished...</div>
									<div class="line line-exitcode ">0</div>
								</div>
							</div>
						</td>
					</tr>
				</tbody>
			</table>
		</div>
	</body>
</html>

